# JRE version: Java(TM) SE Runtime Environment (17.0.7+8) (build 17.0.7+8-LTS-224)
# Java VM: Java HotSpot(TM) 64-Bit Server VM (17.0.7+8-LTS-224, mixed mode, sharing, tiered, compressed oops, compressed class ptrs, g1 gc, windows-amd64)
GC Precious Log:
 CPUs: 16 total, 16 available
 Memory: 11636M
 Large Page Support: Disabled
 NUMA Support: Disabled
 Compressed Oops: Enabled (32-bit)
 Heap Region Size: 1M
 Heap Min Capacity: 256M
 Heap Initial Capacity: 256M
 Heap Max Capacity: 512M
 Pre-touch: Disabled
 Parallel Workers: 13
 Concurrent Workers: 3
 Concurrent Refinement Workers: 13
 Periodic GC: Disabled
Heap:
 garbage-first heap   total 268288K, used 171426K [0x00000000e0000000, 0x0000000100000000)
  region size 1024K, 11 young (11264K), 6 survivors (6144K)
 Metaspace       used 79278K, committed 80320K, reserved 389120K
  class space    used 10786K, committed 11264K, reserved 315392K
GC Heap History (20 events):
Event: 16.167 GC heap before
{Heap before GC invocations=18 (full 0):
 garbage-first heap   total 262144K, used 205135K [0x00000000e0000000, 0x0000000100000000)
  region size 1024K, 94 young (96256K), 6 survivors (6144K)
 Metaspace       used 68573K, committed 69632K, reserved 380928K
  class space    used 9564K, committed 10048K, reserved 315392K
}
Event: 16.171 GC heap after
{Heap after GC invocations=19 (full 0):
 garbage-first heap   total 262144K, used 119228K [0x00000000e0000000, 0x0000000100000000)
  region size 1024K, 12 young (12288K), 12 survivors (12288K)
 Metaspace       used 68573K, committed 69632K, reserved 380928K
  class space    used 9564K, committed 10048K, reserved 315392K
}
Event: 18.236 GC heap before
{Heap before GC invocations=19 (full 0):
 garbage-first heap   total 262144K, used 203196K [0x00000000e0000000, 0x0000000100000000)
  region size 1024K, 93 young (95232K), 12 survivors (12288K)
 Metaspace       used 76938K, committed 78016K, reserved 389120K
  class space    used 10543K, committed 11072K, reserved 315392K
}
Event: 18.246 GC heap after
{Heap after GC invocations=20 (full 0):
 garbage-first heap   total 262144K, used 130158K [0x00000000e0000000, 0x0000000100000000)
  region size 1024K, 12 young (12288K), 12 survivors (12288K)
 Metaspace       used 76938K, committed 78016K, reserved 389120K
  class space    used 10543K, committed 11072K, reserved 315392K
}
Event: 18.620 GC heap before
{Heap before GC invocations=20 (full 0):
 garbage-first heap   total 262144K, used 198766K [0x00000000e0000000, 0x0000000100000000)
  region size 1024K, 79 young (80896K), 12 survivors (12288K)
 Metaspace       used 77036K, committed 78144K, reserved 389120K
  class space    used 10551K, committed 11072K, reserved 315392K
}
Event: 18.626 GC heap after
{Heap after GC invocations=21 (full 0):
 garbage-first heap   total 262144K, used 133765K [0x00000000e0000000, 0x0000000100000000)
  region size 1024K, 6 young (6144K), 6 survivors (6144K)
 Metaspace       used 77036K, committed 78144K, reserved 389120K
  class space    used 10551K, committed 11072K, reserved 315392K
}
Event: 18.818 GC heap before
{Heap before GC invocations=22 (full 0):
 garbage-first heap   total 262144K, used 200325K [0x00000000e0000000, 0x0000000100000000)
  region size 1024K, 74 young (75776K), 6 survivors (6144K)
 Metaspace       used 77052K, committed 78144K, reserved 389120K
  class space    used 10551K, committed 11072K, reserved 315392K
}
Event: 18.823 GC heap after
{Heap after GC invocations=23 (full 0):
 garbage-first heap   total 262144K, used 136905K [0x00000000e0000000, 0x0000000100000000)
  region size 1024K, 10 young (10240K), 10 survivors (10240K)
 Metaspace       used 77052K, committed 78144K, reserved 389120K
  class space    used 10551K, committed 11072K, reserved 315392K
}
Event: 18.831 GC heap before
{Heap before GC invocations=23 (full 0):
 garbage-first heap   total 262144K, used 138953K [0x00000000e0000000, 0x0000000100000000)
  region size 1024K, 12 young (12288K), 10 survivors (10240K)
 Metaspace       used 77052K, committed 78144K, reserved 389120K
  class space    used 10551K, committed 11072K, reserved 315392K
}
Event: 18.835 GC heap after
{Heap after GC invocations=24 (full 0):
 garbage-first heap   total 262144K, used 137460K [0x00000000e0000000, 0x0000000100000000)
  region size 1024K, 2 young (2048K), 2 survivors (2048K)
 Metaspace       used 77052K, committed 78144K, reserved 389120K
  class space    used 10551K, committed 11072K, reserved 315392K
}
Event: 19.184 GC heap before
{Heap before GC invocations=24 (full 0):
 garbage-first heap   total 262144K, used 206068K [0x00000000e0000000, 0x0000000100000000)
  region size 1024K, 69 young (70656K), 2 survivors (2048K)
 Metaspace       used 77055K, committed 78144K, reserved 389120K
  class space    used 10551K, committed 11072K, reserved 315392K
}
Event: 19.193 GC heap after
{Heap after GC invocations=25 (full 0):
 garbage-first heap   total 262144K, used 156173K [0x00000000e0000000, 0x0000000100000000)
  region size 1024K, 9 young (9216K), 9 survivors (9216K)
 Metaspace       used 77055K, committed 78144K, reserved 389120K
  class space    used 10551K, committed 11072K, reserved 315392K
}
Event: 21.130 GC heap before
{Heap before GC invocations=26 (full 0):
 garbage-first heap   total 268288K, used 204301K [0x00000000e0000000, 0x0000000100000000)
  region size 1024K, 57 young (58368K), 9 survivors (9216K)
 Metaspace       used 77673K, committed 78720K, reserved 389120K
  class space    used 10581K, committed 11072K, reserved 315392K
}
Event: 21.136 GC heap after
{Heap after GC invocations=27 (full 0):
 garbage-first heap   total 268288K, used 165490K [0x00000000e0000000, 0x0000000100000000)
  region size 1024K, 8 young (8192K), 8 survivors (8192K)
 Metaspace       used 77673K, committed 78720K, reserved 389120K
  class space    used 10581K, committed 11072K, reserved 315392K
}
Event: 21.160 GC heap before
{Heap before GC invocations=27 (full 0):
 garbage-first heap   total 268288K, used 170610K [0x00000000e0000000, 0x0000000100000000)
  region size 1024K, 13 young (13312K), 8 survivors (8192K)
 Metaspace       used 77692K, committed 78720K, reserved 389120K
  class space    used 10581K, committed 11072K, reserved 315392K
}
Event: 21.165 GC heap after
{Heap after GC invocations=28 (full 0):
 garbage-first heap   total 268288K, used 159328K [0x00000000e0000000, 0x0000000100000000)
  region size 1024K, 1 young (1024K), 1 survivors (1024K)
 Metaspace       used 77692K, committed 78720K, reserved 389120K
  class space    used 10581K, committed 11072K, reserved 315392K
}
Event: 21.305 GC heap before
{Heap before GC invocations=28 (full 0):
 garbage-first heap   total 268288K, used 210528K [0x00000000e0000000, 0x0000000100000000)
  region size 1024K, 51 young (52224K), 1 survivors (1024K)
 Metaspace       used 77709K, committed 78720K, reserved 389120K
  class space    used 10581K, committed 11072K, reserved 315392K
}
Event: 21.306 GC heap after
{Heap after GC invocations=29 (full 0):
 garbage-first heap   total 268288K, used 159331K [0x00000000e0000000, 0x0000000100000000)
  region size 1024K, 1 young (1024K), 1 survivors (1024K)
 Metaspace       used 77709K, committed 78720K, reserved 389120K
  class space    used 10581K, committed 11072K, reserved 315392K
}
Event: 22.492 GC heap before
{Heap before GC invocations=29 (full 0):
 garbage-first heap   total 268288K, used 215651K [0x00000000e0000000, 0x0000000100000000)
  region size 1024K, 54 young (55296K), 1 survivors (1024K)
 Metaspace       used 78895K, committed 79936K, reserved 389120K
  class space    used 10723K, committed 11200K, reserved 315392K
}
Event: 22.496 GC heap after
{Heap after GC invocations=30 (full 0):
 garbage-first heap   total 268288K, used 167330K [0x00000000e0000000, 0x0000000100000000)
  region size 1024K, 6 young (6144K), 6 survivors (6144K)
 Metaspace       used 78895K, committed 79936K, reserved 389120K
  class space    used 10723K, committed 11200K, reserved 315392K
}

